Using pre-set license
Built from '2020.3/release' branch; Version is '2020.3.2f1 (8fd9074bf66c) revision 9427207'; Using compiler version '192528614'; Build Type 'Release'
OS: 'Windows 10 Home; OS build 19042.572; Version 2009; 64bit' Language: 'pl' Physical Memory: 16246 MB
BatchMode: 1, IsHumanControllingUs: 0, StartBugReporterOnCrash: 0, Is64bit: 1, IsPro: 0

 COMMAND LINE ARGUMENTS:
C:\Program Files\Unity\2020.3.2f1\Editor\Unity.exe
-adb2
-batchMode
-noUpm
-name
AssetImportWorker0
-projectPath
C:/Users/hubis/Projekty Unity/Moja-pierwsza-gra-Unity-master
-logFile
Logs/AssetImportWorker0.log
-srvPort
49792
Successfully changed project path to: C:/Users/hubis/Projekty Unity/Moja-pierwsza-gra-Unity-master
C:/Users/hubis/Projekty Unity/Moja-pierwsza-gra-Unity-master
Using Asset Import Pipeline V2.
Refreshing native plugins compatible for Editor in 17.59 ms, found 0 plugins.
Preloading 0 native plugins for Editor in 0.00 ms.
Initialize engine version: 2020.3.2f1 (8fd9074bf66c)
[Subsystems] Discovering subsystems at path C:/Program Files/Unity/2020.3.2f1/Editor/Data/Resources/UnitySubsystems
[Subsystems] Discovering subsystems at path C:/Users/hubis/Projekty Unity/Moja-pierwsza-gra-Unity-master/Assets
GfxDevice: creating device client; threaded=0
Direct3D:
    Version:  Direct3D 11.0 [level 11.1]
    Renderer: Intel(R) UHD Graphics 630 (ID=0x3e98)
    Vendor:   
    VRAM:     8123 MB
    Driver:   27.20.100.8681
Initialize mono
Mono path[0] = 'C:/Program Files/Unity/2020.3.2f1/Editor/Data/Managed'
Mono path[1] = 'C:/Program Files/Unity/2020.3.2f1/Editor/Data/MonoBleedingEdge/lib/mono/unityjit'
Mono config path = 'C:/Program Files/Unity/2020.3.2f1/Editor/Data/MonoBleedingEdge/etc'
Using monoOptions --debugger-agent=transport=dt_socket,embedding=1,server=y,suspend=n,address=127.0.0.1:56204
Begin MonoManager ReloadAssembly
Registering precompiled unity dll's ...
Register platform support module: C:/Program Files/Unity/2020.3.2f1/Editor/Data/PlaybackEngines/WindowsStandaloneSupport/UnityEditor.WindowsStandalone.Extensions.dll
Registered in 0.001366 seconds.
Native extension for WindowsStandalone target not found
Refreshing native plugins compatible for Editor in 18.04 ms, found 0 plugins.
Preloading 0 native plugins for Editor in 0.00 ms.
Invoked RoslynAnalysisRunner static constructor.
RoslynAnalysisRunner will not be running.
RoslynAnalysisRunner has terminated.
Mono: successfully reloaded assembly
- Completed reload, in  0.734 seconds
Platform modules already initialized, skipping
Registering precompiled user dll's ...
Registered in 0.000457 seconds.
Begin MonoManager ReloadAssembly
Native extension for WindowsStandalone target not found
Refreshing native plugins compatible for Editor in 0.18 ms, found 0 plugins.
Preloading 0 native plugins for Editor in 0.00 ms.
Invoked RoslynAnalysisRunner static constructor.
RoslynAnalysisRunner will not be running.
RoslynAnalysisRunner has terminated.
Mono: successfully reloaded assembly
- Completed reload, in  0.618 seconds
Platform modules already initialized, skipping
========================================================================
Worker process is ready to serve import requests
Launched and connected shader compiler UnityShaderCompiler.exe after 0.03 seconds
Refreshing native plugins compatible for Editor in 0.17 ms, found 0 plugins.
Preloading 0 native plugins for Editor in 0.00 ms.
Unloading 1128 Unused Serialized files (Serialized files now loaded: 0)
System memory in use before: 57.3 MB.
System memory in use after: 57.4 MB.

Unloading 9 unused Assets to reduce memory usage. Loaded Objects now: 1571.
Total: 1.276200 ms (FindLiveObjects: 0.098600 ms CreateObjectMapping: 0.026600 ms MarkObjects: 1.108700 ms  DeleteObjects: 0.041800 ms)

========================================================================
Received Import Request.
  path: Assets/Editor
  artifactKey: Guid(263d87239d2854ddf8baa20ae94d29ed) Importer(815301076,1909f56bfc062723c751e8b465ee728b)
Start importing Assets/Editor using Guid(263d87239d2854ddf8baa20ae94d29ed) Importer(815301076,1909f56bfc062723c751e8b465ee728b)  -> (artifact id: 'bc271e1d3b5470495a457663a63bcff0') in 0.005778 seconds
  Import took 0.007291 seconds .

========================================================================
Received Import Request.
  Time since last request: 40.312417 seconds.
  path: Assets/Editor/MapGeneratorEditor.cs
  artifactKey: Guid(ba3b3594b5ad89d47b35264cd1fe1c63) Importer(815301076,1909f56bfc062723c751e8b465ee728b)
Start importing Assets/Editor/MapGeneratorEditor.cs using Guid(ba3b3594b5ad89d47b35264cd1fe1c63) Importer(815301076,1909f56bfc062723c751e8b465ee728b)  -> (artifact id: '91f5eedbde67406ec698a10ae7ae1fe2') in 0.071661 seconds
  Import took 0.073049 seconds .

========================================================================
Received Import Request.
  Time since last request: 3.213040 seconds.
  path: Assets/Scripts
  artifactKey: Guid(5736686d8aa389cee941a57a61813725) Importer(815301076,1909f56bfc062723c751e8b465ee728b)
Start importing Assets/Scripts using Guid(5736686d8aa389cee941a57a61813725) Importer(815301076,1909f56bfc062723c751e8b465ee728b)  -> (artifact id: '37c7d1f02b2aa993d528ecf22330c29c') in 0.005685 seconds
  Import took 0.007319 seconds .

========================================================================
Received Import Request.
  Time since last request: 242.836870 seconds.
  path: Assets/Materials/Map Mat.mat
  artifactKey: Guid(f3d64c7b0a8b70118986517b3a1eeaeb) Importer(815301076,1909f56bfc062723c751e8b465ee728b)
Start importing Assets/Materials/Map Mat.mat using Guid(f3d64c7b0a8b70118986517b3a1eeaeb) Importer(815301076,1909f56bfc062723c751e8b465ee728b)  -> (artifact id: 'a5aff2c15f53f864e3b57d6efd581db2') in 0.115035 seconds
  Import took 0.116880 seconds .

========================================================================
Received Import Request.
  Time since last request: 246.636925 seconds.
  path: Assets/Scripts/MapGenerator.cs
  artifactKey: Guid(2a07f79249b830eebb6c11eb7843e411) Importer(815301076,1909f56bfc062723c751e8b465ee728b)
Start importing Assets/Scripts/MapGenerator.cs using Guid(2a07f79249b830eebb6c11eb7843e411) Importer(815301076,1909f56bfc062723c751e8b465ee728b)  -> (artifact id: '22b7802d2356889c78ddbbfae10869e5') in 0.005677 seconds
  Import took 0.007327 seconds .

========================================================================
Received Prepare
Registering precompiled user dll's ...
Registered in 0.000453 seconds.
Begin MonoManager ReloadAssembly
Native extension for WindowsStandalone target not found
Refreshing native plugins compatible for Editor in 0.18 ms, found 0 plugins.
Preloading 0 native plugins for Editor in 0.00 ms.
Invoked RoslynAnalysisRunner static constructor.
RoslynAnalysisRunner will not be running.
RoslynAnalysisRunner has terminated.
Mono: successfully reloaded assembly
- Completed reload, in  0.584 seconds
Platform modules already initialized, skipping
Refreshing native plugins compatible for Editor in 0.17 ms, found 0 plugins.
Preloading 0 native plugins for Editor in 0.00 ms.
Unloading 1122 Unused Serialized files (Serialized files now loaded: 0)
System memory in use before: 60.5 MB.
System memory in use after: 60.6 MB.

Unloading 4 unused Assets to reduce memory usage. Loaded Objects now: 1615.
Total: 1.414700 ms (FindLiveObjects: 0.109700 ms CreateObjectMapping: 0.031200 ms MarkObjects: 1.262700 ms  DeleteObjects: 0.010300 ms)

========================================================================
Received Import Request.
  Time since last request: 182.620878 seconds.
  path: Assets/Scripts/MapGenerator.cs
  artifactKey: Guid(2a07f79249b830eebb6c11eb7843e411) Importer(815301076,1909f56bfc062723c751e8b465ee728b)
Start importing Assets/Scripts/MapGenerator.cs using Guid(2a07f79249b830eebb6c11eb7843e411) Importer(815301076,1909f56bfc062723c751e8b465ee728b)  -> (artifact id: '563e534d55fe9eb22a8b0536c4169b72') in 0.004517 seconds
  Import took 0.005979 seconds .

========================================================================
Received Prepare
Registering precompiled user dll's ...
Registered in 0.000506 seconds.
Begin MonoManager ReloadAssembly
Native extension for WindowsStandalone target not found
Refreshing native plugins compatible for Editor in 0.18 ms, found 0 plugins.
Preloading 0 native plugins for Editor in 0.00 ms.
Invoked RoslynAnalysisRunner static constructor.
RoslynAnalysisRunner will not be running.
RoslynAnalysisRunner has terminated.
Mono: successfully reloaded assembly
- Completed reload, in  0.579 seconds
Platform modules already initialized, skipping
Refreshing native plugins compatible for Editor in 0.17 ms, found 0 plugins.
Preloading 0 native plugins for Editor in 0.00 ms.
Unloading 1122 Unused Serialized files (Serialized files now loaded: 0)
System memory in use before: 60.5 MB.
System memory in use after: 60.6 MB.

Unloading 4 unused Assets to reduce memory usage. Loaded Objects now: 1618.
Total: 1.804300 ms (FindLiveObjects: 0.104900 ms CreateObjectMapping: 0.031100 ms MarkObjects: 1.637100 ms  DeleteObjects: 0.030500 ms)

========================================================================
Received Import Request.
  Time since last request: 374.915915 seconds.
  path: Assets/Scripts/NewBehaviourScript.cs
  artifactKey: Guid(99f7dc90f2cb009439d62701eeb250e9) Importer(815301076,1909f56bfc062723c751e8b465ee728b)
Start importing Assets/Scripts/NewBehaviourScript.cs using Guid(99f7dc90f2cb009439d62701eeb250e9) Importer(815301076,1909f56bfc062723c751e8b465ee728b)  -> (artifact id: '13e7cea30a9c85f212d38aabdad76f94') in 0.007002 seconds
  Import took 0.008676 seconds .

========================================================================
Received Import Request.
  Time since last request: 9.222962 seconds.
  path: Assets/Scripts/TextureGenerator.cs
  artifactKey: Guid(99f7dc90f2cb009439d62701eeb250e9) Importer(815301076,1909f56bfc062723c751e8b465ee728b)
Start importing Assets/Scripts/TextureGenerator.cs using Guid(99f7dc90f2cb009439d62701eeb250e9) Importer(815301076,1909f56bfc062723c751e8b465ee728b)  -> (artifact id: '57f936eac0aeed49c9335bb6b32a0244') in 0.004866 seconds
  Import took 0.006398 seconds .

========================================================================
Received Import Request.
  Time since last request: 244.592821 seconds.
  path: Assets/Scripts/TextureGenerator.cs
  artifactKey: Guid(99f7dc90f2cb009439d62701eeb250e9) Importer(815301076,1909f56bfc062723c751e8b465ee728b)
Start importing Assets/Scripts/TextureGenerator.cs using Guid(99f7dc90f2cb009439d62701eeb250e9) Importer(815301076,1909f56bfc062723c751e8b465ee728b)  -> (artifact id: '8439738d10e04586af2a7f27e0e1e8a5') in 0.002060 seconds
  Import took 0.003811 seconds .

========================================================================
Received Import Request.
  Time since last request: 189.465354 seconds.
  path: Assets/Scripts/MapDisplay.cs
  artifactKey: Guid(22e94530038ed845380ff51d1eeaeec4) Importer(815301076,1909f56bfc062723c751e8b465ee728b)
Start importing Assets/Scripts/MapDisplay.cs using Guid(22e94530038ed845380ff51d1eeaeec4) Importer(815301076,1909f56bfc062723c751e8b465ee728b)  -> (artifact id: 'd9d7d882df347670c544290b6b24e160') in 0.005408 seconds
  Import took 0.007175 seconds .

========================================================================
Received Prepare
Registering precompiled user dll's ...
Registered in 0.000679 seconds.
Begin MonoManager ReloadAssembly
Native extension for WindowsStandalone target not found
Refreshing native plugins compatible for Editor in 0.18 ms, found 0 plugins.
Preloading 0 native plugins for Editor in 0.00 ms.
Invoked RoslynAnalysisRunner static constructor.
RoslynAnalysisRunner will not be running.
RoslynAnalysisRunner has terminated.
Mono: successfully reloaded assembly
- Completed reload, in  0.576 seconds
Platform modules already initialized, skipping
Refreshing native plugins compatible for Editor in 0.17 ms, found 0 plugins.
Preloading 0 native plugins for Editor in 0.00 ms.
Unloading 1123 Unused Serialized files (Serialized files now loaded: 0)
System memory in use before: 60.6 MB.
System memory in use after: 60.7 MB.

Unloading 4 unused Assets to reduce memory usage. Loaded Objects now: 1622.
Total: 1.336800 ms (FindLiveObjects: 0.103200 ms CreateObjectMapping: 0.028700 ms MarkObjects: 1.193600 ms  DeleteObjects: 0.010300 ms)

========================================================================
Received Prepare
Registering precompiled user dll's ...
Registered in 0.000511 seconds.
Begin MonoManager ReloadAssembly
Native extension for WindowsStandalone target not found
Refreshing native plugins compatible for Editor in 0.18 ms, found 0 plugins.
Preloading 0 native plugins for Editor in 0.00 ms.
Invoked RoslynAnalysisRunner static constructor.
RoslynAnalysisRunner will not be running.
RoslynAnalysisRunner has terminated.
Mono: successfully reloaded assembly
- Completed reload, in  0.570 seconds
Platform modules already initialized, skipping
Refreshing native plugins compatible for Editor in 0.20 ms, found 0 plugins.
Preloading 0 native plugins for Editor in 0.00 ms.
Unloading 1123 Unused Serialized files (Serialized files now loaded: 0)
System memory in use before: 60.6 MB.
System memory in use after: 60.7 MB.

Unloading 4 unused Assets to reduce memory usage. Loaded Objects now: 1625.
Total: 1.372600 ms (FindLiveObjects: 0.105500 ms CreateObjectMapping: 0.029900 ms MarkObjects: 1.226800 ms  DeleteObjects: 0.009800 ms)

========================================================================
Received Import Request.
  Time since last request: 4502.032166 seconds.
  path: Assets/Scripts/MeshGenerator.cs
  artifactKey: Guid(17cba21a9d9e96a469e95044f8bd5c13) Importer(815301076,1909f56bfc062723c751e8b465ee728b)
Start importing Assets/Scripts/MeshGenerator.cs using Guid(17cba21a9d9e96a469e95044f8bd5c13) Importer(815301076,1909f56bfc062723c751e8b465ee728b)  -> (artifact id: '2d456f5c266cf84bbf7f31a7ef7c583d') in 0.010043 seconds
  Import took 0.012672 seconds .

========================================================================
Received Prepare
Registering precompiled user dll's ...
Registered in 0.000517 seconds.
Begin MonoManager ReloadAssembly
Native extension for WindowsStandalone target not found
Refreshing native plugins compatible for Editor in 0.18 ms, found 0 plugins.
Preloading 0 native plugins for Editor in 0.00 ms.
Invoked RoslynAnalysisRunner static constructor.
RoslynAnalysisRunner will not be running.
RoslynAnalysisRunner has terminated.
Mono: successfully reloaded assembly
- Completed reload, in  0.636 seconds
Platform modules already initialized, skipping
Refreshing native plugins compatible for Editor in 0.17 ms, found 0 plugins.
Preloading 0 native plugins for Editor in 0.00 ms.
Unloading 1124 Unused Serialized files (Serialized files now loaded: 0)
System memory in use before: 60.6 MB.
System memory in use after: 60.7 MB.

Unloading 4 unused Assets to reduce memory usage. Loaded Objects now: 1629.
Total: 1.488000 ms (FindLiveObjects: 0.117500 ms CreateObjectMapping: 0.028700 ms MarkObjects: 1.328400 ms  DeleteObjects: 0.012300 ms)

========================================================================
Received Import Request.
  Time since last request: 62.033164 seconds.
  path: Assets/Scripts/MeshGenerator.cs
  artifactKey: Guid(17cba21a9d9e96a469e95044f8bd5c13) Importer(815301076,1909f56bfc062723c751e8b465ee728b)
Start importing Assets/Scripts/MeshGenerator.cs using Guid(17cba21a9d9e96a469e95044f8bd5c13) Importer(815301076,1909f56bfc062723c751e8b465ee728b)  -> (artifact id: 'a32320b7162bbbdbd49794ddb1291917') in 0.004224 seconds
  Import took 0.006509 seconds .

AssetImportWorkerClient::OnTransportError - code=2 error=End of file
