Using pre-set license
Built from '2020.3/release' branch; Version is '2020.3.2f1 (8fd9074bf66c) revision 9427207'; Using compiler version '192528614'; Build Type 'Release'
OS: 'Windows 10 Home; OS build 19042.572; Version 2009; 64bit' Language: 'pl' Physical Memory: 16246 MB
BatchMode: 1, IsHumanControllingUs: 0, StartBugReporterOnCrash: 0, Is64bit: 1, IsPro: 0

 COMMAND LINE ARGUMENTS:
C:\Program Files\Unity\2020.3.2f1\Editor\Unity.exe
-adb2
-batchMode
-noUpm
-name
AssetImportWorker0
-projectPath
C:/Users/hubis/Projekty Unity/Rep/Moja-pierwsza-gra-Unity
-logFile
Logs/AssetImportWorker0.log
-srvPort
50514
Successfully changed project path to: C:/Users/hubis/Projekty Unity/Rep/Moja-pierwsza-gra-Unity
C:/Users/hubis/Projekty Unity/Rep/Moja-pierwsza-gra-Unity
Using Asset Import Pipeline V2.
Refreshing native plugins compatible for Editor in 17.36 ms, found 0 plugins.
Preloading 0 native plugins for Editor in 0.00 ms.
Initialize engine version: 2020.3.2f1 (8fd9074bf66c)
[Subsystems] Discovering subsystems at path C:/Program Files/Unity/2020.3.2f1/Editor/Data/Resources/UnitySubsystems
[Subsystems] Discovering subsystems at path C:/Users/hubis/Projekty Unity/Rep/Moja-pierwsza-gra-Unity/Assets
GfxDevice: creating device client; threaded=0
Direct3D:
    Version:  Direct3D 11.0 [level 11.1]
    Renderer: Intel(R) UHD Graphics 630 (ID=0x3e98)
    Vendor:   
    VRAM:     8123 MB
    Driver:   27.20.100.8681
Initialize mono
Mono path[0] = 'C:/Program Files/Unity/2020.3.2f1/Editor/Data/Managed'
Mono path[1] = 'C:/Program Files/Unity/2020.3.2f1/Editor/Data/MonoBleedingEdge/lib/mono/unityjit'
Mono config path = 'C:/Program Files/Unity/2020.3.2f1/Editor/Data/MonoBleedingEdge/etc'
Using monoOptions --debugger-agent=transport=dt_socket,embedding=1,server=y,suspend=n,address=127.0.0.1:56872
Begin MonoManager ReloadAssembly
Registering precompiled unity dll's ...
Register platform support module: C:/Program Files/Unity/2020.3.2f1/Editor/Data/PlaybackEngines/WindowsStandaloneSupport/UnityEditor.WindowsStandalone.Extensions.dll
Registered in 0.001374 seconds.
Native extension for WindowsStandalone target not found
Refreshing native plugins compatible for Editor in 18.44 ms, found 0 plugins.
Preloading 0 native plugins for Editor in 0.00 ms.
Invoked RoslynAnalysisRunner static constructor.
RoslynAnalysisRunner will not be running.
RoslynAnalysisRunner has terminated.
Mono: successfully reloaded assembly
- Completed reload, in  0.766 seconds
Platform modules already initialized, skipping
Registering precompiled user dll's ...
Registered in 0.000450 seconds.
Begin MonoManager ReloadAssembly
Native extension for WindowsStandalone target not found
Refreshing native plugins compatible for Editor in 0.17 ms, found 0 plugins.
Preloading 0 native plugins for Editor in 0.00 ms.
Invoked RoslynAnalysisRunner static constructor.
RoslynAnalysisRunner will not be running.
RoslynAnalysisRunner has terminated.
Mono: successfully reloaded assembly
- Completed reload, in  0.601 seconds
Platform modules already initialized, skipping
========================================================================
Worker process is ready to serve import requests
Launched and connected shader compiler UnityShaderCompiler.exe after 0.03 seconds
Refreshing native plugins compatible for Editor in 0.17 ms, found 0 plugins.
Preloading 0 native plugins for Editor in 0.00 ms.
Unloading 1130 Unused Serialized files (Serialized files now loaded: 0)
System memory in use before: 57.4 MB.
System memory in use after: 57.5 MB.

Unloading 9 unused Assets to reduce memory usage. Loaded Objects now: 1574.
Total: 1.521600 ms (FindLiveObjects: 0.106800 ms CreateObjectMapping: 0.030200 ms MarkObjects: 1.338900 ms  DeleteObjects: 0.044800 ms)

========================================================================
Received Import Request.
  path: Assets/Moja pierwsza gra.unity
  artifactKey: Guid(7c675fbeb03c5ad4b9f65d875add3a5f) Importer(815301076,1909f56bfc062723c751e8b465ee728b)
Start importing Assets/Moja pierwsza gra.unity using Guid(7c675fbeb03c5ad4b9f65d875add3a5f) Importer(815301076,1909f56bfc062723c751e8b465ee728b)  -> (artifact id: '1363bd39c1565db4297ceb8e3689a0bd') in 0.010407 seconds
  Import took 0.012076 seconds .

========================================================================
Received Import Request.
  Time since last request: 18.806365 seconds.
  path: Assets/Scripts/Noise.cs
  artifactKey: Guid(f256efadff3c6c685b66dee908f0acc9) Importer(815301076,1909f56bfc062723c751e8b465ee728b)
Start importing Assets/Scripts/Noise.cs using Guid(f256efadff3c6c685b66dee908f0acc9) Importer(815301076,1909f56bfc062723c751e8b465ee728b)  -> (artifact id: 'e2c13dc3ffb08ebd0c939d45c6004854') in 0.011739 seconds
  Import took 0.014735 seconds .

========================================================================
Received Import Request.
  Time since last request: 0.009671 seconds.
  path: Assets/Scripts/Noise.cs
  artifactKey: Guid(f256efadff3c6c685b66dee908f0acc9) Importer(815301076,1909f56bfc062723c751e8b465ee728b)
Start importing Assets/Scripts/Noise.cs using Guid(f256efadff3c6c685b66dee908f0acc9) Importer(815301076,1909f56bfc062723c751e8b465ee728b)  -> (artifact id: 'e2c13dc3ffb08ebd0c939d45c6004854') in 0.002111 seconds
  Import took 0.003758 seconds .

========================================================================
Received Prepare
Registering precompiled user dll's ...
Registered in 0.000426 seconds.
Begin MonoManager ReloadAssembly
Native extension for WindowsStandalone target not found
Refreshing native plugins compatible for Editor in 0.17 ms, found 0 plugins.
Preloading 0 native plugins for Editor in 0.00 ms.
Invoked RoslynAnalysisRunner static constructor.
RoslynAnalysisRunner will not be running.
RoslynAnalysisRunner has terminated.
Mono: successfully reloaded assembly
- Completed reload, in  0.568 seconds
Platform modules already initialized, skipping
Refreshing native plugins compatible for Editor in 0.16 ms, found 0 plugins.
Preloading 0 native plugins for Editor in 0.00 ms.
Unloading 1123 Unused Serialized files (Serialized files now loaded: 0)
System memory in use before: 57.3 MB.
System memory in use after: 57.4 MB.

Unloading 5 unused Assets to reduce memory usage. Loaded Objects now: 1576.
Total: 1.412000 ms (FindLiveObjects: 0.095600 ms CreateObjectMapping: 0.026000 ms MarkObjects: 1.276800 ms  DeleteObjects: 0.012900 ms)

AssetImportWorkerClient::OnTransportError - code=2 error=End of file
